{
  "stats": {
    "suites": 1,
    "tests": 1,
    "passes": 1,
    "pending": 0,
    "failures": 0,
    "start": "2021-07-06T15:10:11.458Z",
    "end": "2021-07-06T15:10:21.607Z",
    "duration": 10149,
    "testsRegistered": 1,
    "passPercent": 100,
    "pendingPercent": 0,
    "other": 0,
    "hasOther": false,
    "skipped": 0,
    "hasSkipped": false
  },
  "results": [
    {
      "uuid": "f3b06baa-afae-48a8-aa88-860ac6790e58",
      "title": "",
      "fullFile": "cypress/integration/cucumber-tests/transferFunds.feature",
      "file": "cypress/integration/cucumber-tests/transferFunds.feature",
      "beforeHooks": [],
      "afterHooks": [],
      "tests": [],
      "suites": [
        {
          "uuid": "9f9068ab-b861-4a8a-98e0-4b651379ee8c",
          "title": "Check feedback page page",
          "fullFile": "",
          "file": "",
          "beforeHooks": [],
          "afterHooks": [],
          "tests": [
            {
              "title": "Check feedback page",
              "fullTitle": "Check feedback page page Check feedback page",
              "timedOut": null,
              "duration": 6109,
              "state": "passed",
              "speed": "slow",
              "pass": true,
              "fail": false,
              "pending": false,
              "context": "\"videos/cucumber-tests/transferFunds.feature.mp4\"",
              "code": "const state = window.testState;\nreturn cy\n  .then(() => state.onStartScenario(scenario, indexedSteps))\n  .then(() =>\n    resolveAndRunBeforeHooks.call(this, scenario.tags, state.feature.name)\n  )\n  .then(() =>\n    indexedSteps.forEach((step) =>\n      stepTest.call(this, state, step, rowData)\n    )\n  )\n  .then(() => state.onFinishScenario(scenario));",
              "err": {},
              "uuid": "c8b22693-0dc4-4cc2-bcb7-2782017cd015",
              "parentUUID": "9f9068ab-b861-4a8a-98e0-4b651379ee8c",
              "isHook": false,
              "skipped": false
            }
          ],
          "suites": [],
          "passes": [
            "c8b22693-0dc4-4cc2-bcb7-2782017cd015"
          ],
          "failures": [],
          "pending": [],
          "skipped": [],
          "duration": 6109,
          "root": false,
          "rootEmpty": false,
          "_timeout": 2000
        }
      ],
      "passes": [],
      "failures": [],
      "pending": [],
      "skipped": [],
      "duration": 0,
      "root": true,
      "rootEmpty": true,
      "_timeout": 2000
    }
  ],
  "meta": {
    "mocha": {
      "version": "7.0.1"
    },
    "mochawesome": {
      "options": {
        "quiet": false,
        "reportFilename": "mochawesome",
        "saveHtml": true,
        "saveJson": true,
        "consoleReporter": "spec",
        "useInlineDiffs": false,
        "code": true
      },
      "version": "6.2.2"
    },
    "marge": {
      "options": {
        "overwrite": false,
        "charts": true,
        "json": true,
        "reportDir": "cypress/"
      },
      "version": "5.2.0"
    }
  }
}