{
  "stats": {
    "suites": 1,
    "tests": 1,
    "passes": 1,
    "pending": 0,
    "failures": 0,
    "start": "2021-07-05T20:01:14.772Z",
    "end": "2021-07-05T20:01:26.472Z",
    "duration": 11700,
    "testsRegistered": 1,
    "passPercent": 100,
    "pendingPercent": 0,
    "other": 0,
    "hasOther": false,
    "skipped": 0,
    "hasSkipped": false
  },
  "results": [
    {
      "uuid": "35888202-830b-4c9a-b3da-98b382bc4320",
      "title": "",
      "fullFile": "cypress/integration/cucumber-tests/feedback.feature",
      "file": "cypress/integration/cucumber-tests/feedback.feature",
      "beforeHooks": [],
      "afterHooks": [],
      "tests": [],
      "suites": [
        {
          "uuid": "1a677403-a8b3-492c-8b31-f20875fe44b0",
          "title": "Check feedback page page",
          "fullFile": "",
          "file": "",
          "beforeHooks": [],
          "afterHooks": [],
          "tests": [
            {
              "title": "Check feedback page",
              "fullTitle": "Check feedback page page Check feedback page",
              "timedOut": null,
              "duration": 7897,
              "state": "passed",
              "speed": "slow",
              "pass": true,
              "fail": false,
              "pending": false,
              "context": null,
              "code": "const state = window.testState;\nreturn cy\n  .then(() => state.onStartScenario(scenario, indexedSteps))\n  .then(() =>\n    resolveAndRunBeforeHooks.call(this, scenario.tags, state.feature.name)\n  )\n  .then(() =>\n    indexedSteps.forEach((step) =>\n      stepTest.call(this, state, step, rowData)\n    )\n  )\n  .then(() => state.onFinishScenario(scenario));",
              "err": {},
              "uuid": "cd9536dd-b60f-4fe3-bda7-ce9a5f4b24a7",
              "parentUUID": "1a677403-a8b3-492c-8b31-f20875fe44b0",
              "isHook": false,
              "skipped": false
            }
          ],
          "suites": [],
          "passes": [
            "cd9536dd-b60f-4fe3-bda7-ce9a5f4b24a7"
          ],
          "failures": [],
          "pending": [],
          "skipped": [],
          "duration": 7897,
          "root": false,
          "rootEmpty": false,
          "_timeout": 2000
        }
      ],
      "passes": [],
      "failures": [],
      "pending": [],
      "skipped": [],
      "duration": 0,
      "root": true,
      "rootEmpty": true,
      "_timeout": 2000
    }
  ],
  "meta": {
    "mocha": {
      "version": "7.0.1"
    },
    "mochawesome": {
      "options": {
        "quiet": false,
        "reportFilename": "report",
        "saveHtml": true,
        "saveJson": true,
        "consoleReporter": "spec",
        "useInlineDiffs": false,
        "code": true
      },
      "version": "6.2.2"
    },
    "marge": {
      "options": {
        "charts": true,
        "html": true,
        "json": true,
        "reportDir": "cypress/reports",
        "reportFilename": "report"
      },
      "version": "5.2.0"
    }
  }
}